[2025-11-25T19:23:00.000000] [INFO] ============================================================
[2025-11-25T19:23:00.000000] [INFO] AAOS Phase 4: 24-Hour Baseline Capture (DevZen Enhanced v2)
[2025-11-25T19:23:00.000000] [INFO] ============================================================
[2025-11-25T19:23:00.000000] [INFO] Mode: FullyAutonomous
[2025-11-25T19:23:00.000000] [INFO] Start Time: 2025-11-25T19:23:00
[2025-11-25T19:23:00.000000] [INFO] Tasks/Hour: 100
[2025-11-25T19:23:00.000000] [INFO] Agent Count: 5
[2025-11-25T19:23:00.000000] [INFO] ------------------------------------------------------------
[2025-11-25T19:23:00.000000] [INFO] Phase 4.0: Pre-flight Autonomous Validation...
[2025-11-25T19:23:00.000000] [SUCCESS] Pre-flight autonomous validation passed
[2025-11-25T19:23:01.000000] [INFO] Phase 4.1: Zombie Cleanup & Production Stack Launch...
[2025-11-25T19:23:01.000000] [INFO] Scanning for unmanaged containers...
[2025-11-25T19:23:02.000000] [SUCCESS] Zombie containers cleaned
[2025-11-25T19:23:02.000000] [INFO] Starting production infrastructure...
[2025-11-25T19:23:15.000000] [SUCCESS] Production stack started (PostgreSQL, Redis, Orchestrator)
[2025-11-25T19:23:16.000000] [INFO] Phase 4.2: Telemetry Capture Initiation...
[2025-11-25T19:23:16.000000] [SUCCESS] Telemetry capture started (24h duration)
[2025-11-25T19:23:17.000000] [INFO] Phase 4.3: Load Simulation Initiation...
[2025-11-25T19:23:17.000000] [SUCCESS] Load simulator started (100 tasks/hr, 5 agents)
[2025-11-25T19:23:18.000000] [INFO] Phase 4.4: Autonomous Checkpoint Gates initialized...
[2025-11-25T19:23:18.000000] [INFO] Scheduling checkpoint T6h in 6.00 hours...
[2025-11-25T19:23:18.000000] [INFO] ------------------------------------------------------------
[2025-11-25T19:23:18.000000] [INFO] AUTONOMOUS BASELINE CAPTURE ACTIVE
[2025-11-25T19:23:18.000000] [INFO] Expected completion: 2025-11-26T19:23:00
[2025-11-25T19:23:18.000000] [INFO] Checkpoint schedule: T6h, T12h, T18h, T24h
[2025-11-25T19:23:18.000000] [INFO] Emergency override: Ctrl+C -> emergency_shutdown.ps1
[2025-11-25T19:23:18.000000] [INFO] ============================================================
