[2025-11-26T00:20:31.706108] Starting telemetry capture
  Duration: 86400s (24h)
  Sample interval: 60s
  Flush interval: 300s
  Max log size: 100MB
  Output file: telemetry_baseline_24h.log
------------------------------------------------------------
[2025-11-26T00:25:31.941339] Flushed 6 samples to telemetry_baseline_24h.log
[2025-11-26T00:29:32.090075] Collected 10 samples, 23.8h remaining
[2025-11-26T00:30:32.119863] Flushed 5 samples to telemetry_baseline_24h.log
[2025-11-26T00:35:32.284205] Flushed 5 samples to telemetry_baseline_24h.log
[2025-11-26T00:39:32.427605] Collected 20 samples, 23.7h remaining
[2025-11-26T00:40:32.463482] Flushed 5 samples to telemetry_baseline_24h.log
[2025-11-26T00:45:32.650976] Flushed 5 samples to telemetry_baseline_24h.log
[2025-11-26T00:49:32.785092] Collected 30 samples, 23.5h remaining
[2025-11-26T00:50:32.795645] Flushed 5 samples to telemetry_baseline_24h.log
[2025-11-26T00:55:32.968582] Flushed 5 samples to telemetry_baseline_24h.log
[2025-11-26T00:59:33.085204] Collected 40 samples, 23.3h remaining
[2025-11-26T01:00:33.094572] Flushed 5 samples to telemetry_baseline_24h.log
[2025-11-26T01:05:33.259396] Flushed 5 samples to telemetry_baseline_24h.log
[2025-11-26T01:09:33.395900] Collected 50 samples, 23.2h remaining
[2025-11-26T01:10:33.416226] Flushed 5 samples to telemetry_baseline_24h.log
[2025-11-26T01:15:33.585053] Flushed 5 samples to telemetry_baseline_24h.log
[2025-11-26T01:19:33.728625] Collected 60 samples, 23.0h remaining
[2025-11-26T01:20:33.757192] Flushed 5 samples to telemetry_baseline_24h.log
[2025-11-26T01:25:33.933057] Flushed 5 samples to telemetry_baseline_24h.log
[2025-11-26T01:29:34.071664] Collected 70 samples, 22.8h remaining
[2025-11-26T01:30:34.103783] Flushed 5 samples to telemetry_baseline_24h.log
[2025-11-26T01:35:34.255718] Flushed 5 samples to telemetry_baseline_24h.log
[2025-11-26T01:39:34.377430] Collected 80 samples, 22.7h remaining
[2025-11-26T01:40:34.396403] Flushed 5 samples to telemetry_baseline_24h.log
[2025-11-26T01:45:34.553984] Flushed 5 samples to telemetry_baseline_24h.log
[2025-11-26T01:49:34.681866] Collected 90 samples, 22.5h remaining
[2025-11-26T01:50:34.714036] Flushed 5 samples to telemetry_baseline_24h.log
[2025-11-26T01:55:34.864628] Flushed 5 samples to telemetry_baseline_24h.log
[2025-11-26T01:59:34.972816] Collected 100 samples, 22.3h remaining
[2025-11-26T02:00:35.006846] Flushed 5 samples to telemetry_baseline_24h.log
[2025-11-26T02:05:35.154340] Flushed 5 samples to telemetry_baseline_24h.log
[2025-11-26T02:09:35.272582] Collected 110 samples, 22.2h remaining
[2025-11-26T02:10:35.302703] Flushed 5 samples to telemetry_baseline_24h.log
[2025-11-26T02:15:35.425768] Flushed 5 samples to telemetry_baseline_24h.log
[2025-11-26T02:19:35.558720] Collected 120 samples, 22.0h remaining
[2025-11-26T02:20:35.582362] Flushed 5 samples to telemetry_baseline_24h.log
[2025-11-26T02:25:35.740462] Flushed 5 samples to telemetry_baseline_24h.log
[2025-11-26T02:29:35.846061] Collected 130 samples, 21.8h remaining
[2025-11-26T02:30:35.873064] Flushed 5 samples to telemetry_baseline_24h.log
[2025-11-26T02:35:36.053240] Flushed 5 samples to telemetry_baseline_24h.log
[2025-11-26T02:39:36.203684] Collected 140 samples, 21.7h remaining
[2025-11-26T02:40:36.241561] Flushed 5 samples to telemetry_baseline_24h.log
[2025-11-26T02:45:36.448164] Flushed 5 samples to telemetry_baseline_24h.log
[2025-11-26T02:49:36.583263] Collected 150 samples, 21.5h remaining
[2025-11-26T02:50:36.623338] Flushed 5 samples to telemetry_baseline_24h.log
[2025-11-26T02:55:36.786560] Flushed 5 samples to telemetry_baseline_24h.log
[2025-11-26T02:59:36.925354] Collected 160 samples, 21.3h remaining
[2025-11-26T03:00:36.943241] Flushed 5 samples to telemetry_baseline_24h.log
[2025-11-26T03:05:37.099539] Flushed 5 samples to telemetry_baseline_24h.log
[2025-11-26T03:09:37.249085] Collected 170 samples, 21.2h remaining
[2025-11-26T03:10:37.278270] Flushed 5 samples to telemetry_baseline_24h.log
[2025-11-26T03:15:37.449084] Flushed 5 samples to telemetry_baseline_24h.log
[2025-11-26T03:19:37.555990] Collected 180 samples, 21.0h remaining
[2025-11-26T03:20:37.585808] Flushed 5 samples to telemetry_baseline_24h.log
[2025-11-26T03:25:37.744309] Flushed 5 samples to telemetry_baseline_24h.log
[2025-11-26T03:29:37.880149] Collected 190 samples, 20.8h remaining
[2025-11-26T03:30:37.920170] Flushed 5 samples to telemetry_baseline_24h.log
[2025-11-26T03:35:38.116713] Flushed 5 samples to telemetry_baseline_24h.log
[2025-11-26T03:39:38.265753] Collected 200 samples, 20.7h remaining
[2025-11-26T03:40:38.293541] Flushed 5 samples to telemetry_baseline_24h.log
[2025-11-26T03:45:38.485409] Flushed 5 samples to telemetry_baseline_24h.log
[2025-11-26T03:49:38.631098] Collected 210 samples, 20.5h remaining
[2025-11-26T03:50:38.666105] Flushed 5 samples to telemetry_baseline_24h.log
[2025-11-26T03:55:38.833667] Flushed 5 samples to telemetry_baseline_24h.log
[2025-11-26T03:59:38.950937] Collected 220 samples, 20.3h remaining
[2025-11-26T04:00:38.993563] Flushed 5 samples to telemetry_baseline_24h.log
[2025-11-26T04:05:39.157519] Flushed 5 samples to telemetry_baseline_24h.log
[2025-11-26T04:09:39.312181] Collected 230 samples, 20.2h remaining
[2025-11-26T04:10:39.352346] Flushed 5 samples to telemetry_baseline_24h.log
[2025-11-26T04:15:39.523955] Flushed 5 samples to telemetry_baseline_24h.log
[2025-11-26T04:19:39.653164] Collected 240 samples, 20.0h remaining
[2025-11-26T04:20:39.693977] Flushed 5 samples to telemetry_baseline_24h.log
[2025-11-26T04:25:39.884456] Flushed 5 samples to telemetry_baseline_24h.log
[2025-11-26T04:29:40.024556] Collected 250 samples, 19.8h remaining
[2025-11-26T04:30:40.065634] Flushed 5 samples to telemetry_baseline_24h.log
[2025-11-26T04:35:40.255026] Flushed 5 samples to telemetry_baseline_24h.log
[2025-11-26T04:39:40.392254] Collected 260 samples, 19.7h remaining
[2025-11-26T04:40:40.435369] Flushed 5 samples to telemetry_baseline_24h.log
[2025-11-26T04:45:40.599981] Flushed 5 samples to telemetry_baseline_24h.log
[2025-11-26T04:49:40.745981] Collected 270 samples, 19.5h remaining
[2025-11-26T04:50:40.772615] Flushed 5 samples to telemetry_baseline_24h.log
[2025-11-26T04:55:40.951422] Flushed 5 samples to telemetry_baseline_24h.log
[2025-11-26T04:59:41.105531] Collected 280 samples, 19.3h remaining
[2025-11-26T05:00:41.144009] Flushed 5 samples to telemetry_baseline_24h.log
[2025-11-26T05:05:41.315313] Flushed 5 samples to telemetry_baseline_24h.log
[2025-11-26T05:09:41.445008] Collected 290 samples, 19.2h remaining
[2025-11-26T05:10:41.476657] Flushed 5 samples to telemetry_baseline_24h.log
[2025-11-26T05:15:41.637311] Flushed 5 samples to telemetry_baseline_24h.log
[2025-11-26T05:19:41.780453] Collected 300 samples, 19.0h remaining
[2025-11-26T05:20:41.817412] Flushed 5 samples to telemetry_baseline_24h.log
[2025-11-26T05:25:41.997941] Flushed 5 samples to telemetry_baseline_24h.log
[2025-11-26T05:29:42.119327] Collected 310 samples, 18.8h remaining
[2025-11-26T05:30:42.160139] Flushed 5 samples to telemetry_baseline_24h.log
[2025-11-26T05:35:42.312023] Flushed 5 samples to telemetry_baseline_24h.log
[2025-11-26T05:39:42.447908] Collected 320 samples, 18.7h remaining
[2025-11-26T05:40:42.477485] Flushed 5 samples to telemetry_baseline_24h.log
[2025-11-26T05:45:42.659834] Flushed 5 samples to telemetry_baseline_24h.log
[2025-11-26T05:49:42.794899] Collected 330 samples, 18.5h remaining
[2025-11-26T05:50:42.837831] Flushed 5 samples to telemetry_baseline_24h.log
[2025-11-26T05:55:42.996315] Flushed 5 samples to telemetry_baseline_24h.log
[2025-11-26T05:59:43.141360] Collected 340 samples, 18.3h remaining
[2025-11-26T06:00:43.175380] Flushed 5 samples to telemetry_baseline_24h.log
[2025-11-26T06:05:43.362326] Flushed 5 samples to telemetry_baseline_24h.log
[2025-11-26T06:09:43.509829] Collected 350 samples, 18.2h remaining
[2025-11-26T06:10:43.538933] Flushed 5 samples to telemetry_baseline_24h.log
[2025-11-26T06:15:43.706509] Flushed 5 samples to telemetry_baseline_24h.log
[2025-11-26T06:19:43.847311] Collected 360 samples, 18.0h remaining
[2025-11-26T06:20:43.876229] Flushed 5 samples to telemetry_baseline_24h.log
[2025-11-26T06:25:44.054631] Flushed 5 samples to telemetry_baseline_24h.log
[2025-11-26T06:29:44.198777] Collected 370 samples, 17.8h remaining
[2025-11-26T06:30:44.240097] Flushed 5 samples to telemetry_baseline_24h.log
[2025-11-26T06:35:44.417571] Flushed 5 samples to telemetry_baseline_24h.log
[2025-11-26T06:39:44.551079] Collected 380 samples, 17.7h remaining
[2025-11-26T06:40:44.582499] Flushed 5 samples to telemetry_baseline_24h.log
[2025-11-26T06:45:44.770937] Flushed 5 samples to telemetry_baseline_24h.log
[2025-11-26T06:49:44.912638] Collected 390 samples, 17.5h remaining
[2025-11-26T06:50:44.955058] Flushed 5 samples to telemetry_baseline_24h.log
[2025-11-26T06:55:45.138407] Flushed 5 samples to telemetry_baseline_24h.log
[2025-11-26T06:59:45.270626] Collected 400 samples, 17.3h remaining
[2025-11-26T07:00:45.298891] Flushed 5 samples to telemetry_baseline_24h.log
[2025-11-26T07:05:45.465812] Flushed 5 samples to telemetry_baseline_24h.log
[2025-11-26T07:09:45.615254] Collected 410 samples, 17.2h remaining
[2025-11-26T07:10:45.652644] Flushed 5 samples to telemetry_baseline_24h.log
[2025-11-26T07:15:45.836763] Flushed 5 samples to telemetry_baseline_24h.log
[2025-11-26T07:19:45.981835] Collected 420 samples, 17.0h remaining
[2025-11-26T07:20:46.024103] Flushed 5 samples to telemetry_baseline_24h.log
[2025-11-26T07:25:46.202625] Flushed 5 samples to telemetry_baseline_24h.log
[2025-11-26T07:29:46.345770] Collected 430 samples, 16.8h remaining
[2025-11-26T07:30:46.375019] Flushed 5 samples to telemetry_baseline_24h.log
[2025-11-26T07:35:46.549602] Flushed 5 samples to telemetry_baseline_24h.log
[2025-11-26T07:39:46.683205] Collected 440 samples, 16.7h remaining
[2025-11-26T07:40:46.725668] Flushed 5 samples to telemetry_baseline_24h.log
[2025-11-26T07:45:46.897809] Flushed 5 samples to telemetry_baseline_24h.log
[2025-11-26T07:49:47.029636] Collected 450 samples, 16.5h remaining
[2025-11-26T07:50:47.062998] Flushed 5 samples to telemetry_baseline_24h.log
[2025-11-26T07:55:47.234516] Flushed 5 samples to telemetry_baseline_24h.log
[2025-11-26T07:59:47.349241] Collected 460 samples, 16.3h remaining
[2025-11-26T08:00:47.367891] Flushed 5 samples to telemetry_baseline_24h.log
[2025-11-26T08:05:47.518475] Flushed 5 samples to telemetry_baseline_24h.log
[2025-11-26T08:09:47.664849] Collected 470 samples, 16.2h remaining
[2025-11-26T08:10:47.697648] Flushed 5 samples to telemetry_baseline_24h.log
[2025-11-26T08:15:47.867528] Flushed 5 samples to telemetry_baseline_24h.log
[2025-11-26T08:19:48.010797] Collected 480 samples, 16.0h remaining
[2025-11-26T08:20:48.047860] Flushed 5 samples to telemetry_baseline_24h.log
[2025-11-26T08:25:48.232044] Flushed 5 samples to telemetry_baseline_24h.log
[2025-11-26T08:29:48.370580] Collected 490 samples, 15.8h remaining
[2025-11-26T08:30:48.411783] Flushed 5 samples to telemetry_baseline_24h.log
[2025-11-26T08:35:48.589798] Flushed 5 samples to telemetry_baseline_24h.log
[2025-11-26T08:39:48.717697] Collected 500 samples, 15.7h remaining
[2025-11-26T08:40:48.760680] Flushed 5 samples to telemetry_baseline_24h.log
[2025-11-26T08:45:48.917852] Flushed 5 samples to telemetry_baseline_24h.log
[2025-11-26T08:49:49.054996] Collected 510 samples, 15.5h remaining
[2025-11-26T08:50:49.086835] Flushed 5 samples to telemetry_baseline_24h.log
[2025-11-26T08:55:49.252484] Flushed 5 samples to telemetry_baseline_24h.log
[2025-11-26T08:59:49.402880] Collected 520 samples, 15.3h remaining
[2025-11-26T09:00:49.440486] Flushed 5 samples to telemetry_baseline_24h.log
[2025-11-26T09:05:49.620206] Flushed 5 samples to telemetry_baseline_24h.log
[2025-11-26T09:09:49.731117] Collected 530 samples, 15.2h remaining
[2025-11-26T09:10:49.752903] Flushed 5 samples to telemetry_baseline_24h.log
[2025-11-26T09:15:49.945878] Flushed 5 samples to telemetry_baseline_24h.log
[2025-11-26T09:19:50.082223] Collected 540 samples, 15.0h remaining
[2025-11-26T09:20:50.112376] Flushed 5 samples to telemetry_baseline_24h.log
[2025-11-26T09:25:50.293427] Flushed 5 samples to telemetry_baseline_24h.log
[2025-11-26T09:29:50.405952] Collected 550 samples, 14.8h remaining
[2025-11-26T09:30:50.437671] Flushed 5 samples to telemetry_baseline_24h.log
[2025-11-26T09:35:50.615965] Flushed 5 samples to telemetry_baseline_24h.log
[2025-11-26T09:39:50.774070] Collected 560 samples, 14.7h remaining
[2025-11-26T09:40:50.803237] Flushed 5 samples to telemetry_baseline_24h.log
[2025-11-26T09:45:50.975078] Flushed 5 samples to telemetry_baseline_24h.log
[2025-11-26T09:49:51.103637] Collected 570 samples, 14.5h remaining
[2025-11-26T09:50:51.144613] Flushed 5 samples to telemetry_baseline_24h.log
[2025-11-26T09:55:51.328679] Flushed 5 samples to telemetry_baseline_24h.log
[2025-11-26T09:59:51.461378] Collected 580 samples, 14.3h remaining
[2025-11-26T10:00:51.491030] Flushed 5 samples to telemetry_baseline_24h.log
[2025-11-26T10:05:51.625900] Flushed 5 samples to telemetry_baseline_24h.log
[2025-11-26T10:09:51.751144] Collected 590 samples, 14.2h remaining
[2025-11-26T10:10:51.785278] Flushed 5 samples to telemetry_baseline_24h.log
[2025-11-26T10:15:51.974844] Flushed 5 samples to telemetry_baseline_24h.log
[2025-11-26T10:19:52.082226] Collected 600 samples, 14.0h remaining
[2025-11-26T10:20:52.119844] Flushed 5 samples to telemetry_baseline_24h.log
[2025-11-26T10:25:52.293396] Flushed 5 samples to telemetry_baseline_24h.log
[2025-11-26T10:29:52.411981] Collected 610 samples, 13.8h remaining
[2025-11-26T10:30:52.441283] Flushed 5 samples to telemetry_baseline_24h.log
[2025-11-26T10:35:52.633416] Flushed 5 samples to telemetry_baseline_24h.log
[2025-11-26T10:39:52.789731] Collected 620 samples, 13.7h remaining
[2025-11-26T10:40:52.819616] Flushed 5 samples to telemetry_baseline_24h.log
[2025-11-26T10:45:52.995374] Flushed 5 samples to telemetry_baseline_24h.log
[2025-11-26T10:49:53.150046] Collected 630 samples, 13.5h remaining
[2025-11-26T10:50:53.175640] Flushed 5 samples to telemetry_baseline_24h.log
[2025-11-26T10:55:53.357368] Flushed 5 samples to telemetry_baseline_24h.log
[2025-11-26T10:59:53.483734] Collected 640 samples, 13.3h remaining
[2025-11-26T11:00:53.515080] Flushed 5 samples to telemetry_baseline_24h.log
[2025-11-26T11:05:53.703994] Flushed 5 samples to telemetry_baseline_24h.log
[2025-11-26T11:09:53.814325] Collected 650 samples, 13.2h remaining
[2025-11-26T11:10:53.854013] Flushed 5 samples to telemetry_baseline_24h.log
[2025-11-26T11:15:54.016930] Flushed 5 samples to telemetry_baseline_24h.log
[2025-11-26T11:19:54.147003] Collected 660 samples, 13.0h remaining
[2025-11-26T11:20:54.180496] Flushed 5 samples to telemetry_baseline_24h.log
[2025-11-26T11:25:54.337092] Flushed 5 samples to telemetry_baseline_24h.log
[2025-11-26T11:29:54.455825] Collected 670 samples, 12.8h remaining
[2025-11-26T11:30:54.484325] Flushed 5 samples to telemetry_baseline_24h.log
[2025-11-26T11:35:54.650454] Flushed 5 samples to telemetry_baseline_24h.log
[2025-11-26T11:39:54.780909] Collected 680 samples, 12.7h remaining
[2025-11-26T11:40:54.817535] Flushed 5 samples to telemetry_baseline_24h.log
[2025-11-26T11:45:54.968318] Flushed 5 samples to telemetry_baseline_24h.log
[2025-11-26T11:49:55.112172] Collected 690 samples, 12.5h remaining
[2025-11-26T11:50:55.148813] Flushed 5 samples to telemetry_baseline_24h.log
[2025-11-26T11:55:55.333411] Flushed 5 samples to telemetry_baseline_24h.log
[2025-11-26T11:59:55.471537] Collected 700 samples, 12.3h remaining
[2025-11-26T12:00:55.510594] Flushed 5 samples to telemetry_baseline_24h.log
[2025-11-26T12:05:55.694500] Flushed 5 samples to telemetry_baseline_24h.log
[2025-11-26T12:09:55.841352] Collected 710 samples, 12.2h remaining
[2025-11-26T12:10:55.878247] Flushed 5 samples to telemetry_baseline_24h.log
[2025-11-26T12:15:56.049497] Flushed 5 samples to telemetry_baseline_24h.log
[2025-11-26T12:19:56.177972] Collected 720 samples, 12.0h remaining
[2025-11-26T12:20:56.218768] Flushed 5 samples to telemetry_baseline_24h.log
[2025-11-26T12:25:56.413161] Flushed 5 samples to telemetry_baseline_24h.log
[2025-11-26T12:29:56.545662] Collected 730 samples, 11.8h remaining
[2025-11-26T12:30:56.589134] Flushed 5 samples to telemetry_baseline_24h.log
[2025-11-26T12:35:56.739508] Flushed 5 samples to telemetry_baseline_24h.log
[2025-11-26T12:39:56.867708] Collected 740 samples, 11.7h remaining
[2025-11-26T12:40:56.901908] Flushed 5 samples to telemetry_baseline_24h.log
[2025-11-26T12:45:57.059231] Flushed 5 samples to telemetry_baseline_24h.log
[2025-11-26T12:49:57.205745] Collected 750 samples, 11.5h remaining
[2025-11-26T12:50:57.246181] Flushed 5 samples to telemetry_baseline_24h.log
[2025-11-26T12:55:57.403969] Flushed 5 samples to telemetry_baseline_24h.log
[2025-11-26T12:59:57.553290] Collected 760 samples, 11.3h remaining
[2025-11-26T13:00:57.589458] Flushed 5 samples to telemetry_baseline_24h.log
[2025-11-26T13:05:57.755904] Flushed 5 samples to telemetry_baseline_24h.log
[2025-11-26T13:09:57.870215] Collected 770 samples, 11.2h remaining
[2025-11-26T13:10:57.907358] Flushed 5 samples to telemetry_baseline_24h.log
[2025-11-26T13:15:58.082658] Flushed 5 samples to telemetry_baseline_24h.log
[2025-11-26T13:19:58.213163] Collected 780 samples, 11.0h remaining
[2025-11-26T13:20:58.248780] Flushed 5 samples to telemetry_baseline_24h.log
[2025-11-26T13:25:58.410991] Flushed 5 samples to telemetry_baseline_24h.log
[2025-11-26T13:29:58.546895] Collected 790 samples, 10.8h remaining
[2025-11-26T13:30:58.577918] Flushed 5 samples to telemetry_baseline_24h.log
[2025-11-26T13:35:58.721229] Flushed 5 samples to telemetry_baseline_24h.log
[2025-11-26T13:39:58.858557] Collected 800 samples, 10.7h remaining
[2025-11-26T13:40:58.898019] Flushed 5 samples to telemetry_baseline_24h.log
[2025-11-26T13:45:59.077257] Flushed 5 samples to telemetry_baseline_24h.log
[2025-11-26T13:49:59.217015] Collected 810 samples, 10.5h remaining
[2025-11-26T13:50:59.259404] Flushed 5 samples to telemetry_baseline_24h.log
[2025-11-26T13:55:59.426737] Flushed 5 samples to telemetry_baseline_24h.log
[2025-11-26T13:59:59.571306] Collected 820 samples, 10.3h remaining
[2025-11-26T14:00:59.597097] Flushed 5 samples to telemetry_baseline_24h.log
[2025-11-26T14:05:59.790226] Flushed 5 samples to telemetry_baseline_24h.log
[2025-11-26T14:09:59.938176] Collected 830 samples, 10.2h remaining
[2025-11-26T14:10:59.972373] Flushed 5 samples to telemetry_baseline_24h.log
[2025-11-26T14:16:00.153526] Flushed 5 samples to telemetry_baseline_24h.log
[2025-11-26T14:20:00.293440] Collected 840 samples, 10.0h remaining
[2025-11-26T14:21:00.322702] Flushed 5 samples to telemetry_baseline_24h.log
[2025-11-26T14:26:00.497532] Flushed 5 samples to telemetry_baseline_24h.log
[2025-11-26T14:30:00.660166] Collected 850 samples, 9.8h remaining
[2025-11-26T14:31:00.703288] Flushed 5 samples to telemetry_baseline_24h.log
[2025-11-26T14:36:00.875149] Flushed 5 samples to telemetry_baseline_24h.log
[2025-11-26T14:40:01.025759] Collected 860 samples, 9.7h remaining
[2025-11-26T14:41:01.055360] Flushed 5 samples to telemetry_baseline_24h.log
[2025-11-26T14:46:01.210937] Flushed 5 samples to telemetry_baseline_24h.log
[2025-11-26T14:50:01.358505] Collected 870 samples, 9.5h remaining
[2025-11-26T14:51:01.390626] Flushed 5 samples to telemetry_baseline_24h.log
[2025-11-26T14:56:01.592337] Flushed 5 samples to telemetry_baseline_24h.log
[2025-11-26T15:00:01.746075] Collected 880 samples, 9.3h remaining
[2025-11-26T15:01:01.776588] Flushed 5 samples to telemetry_baseline_24h.log
[2025-11-26T15:06:01.955135] Flushed 5 samples to telemetry_baseline_24h.log
[2025-11-26T15:10:02.094267] Collected 890 samples, 9.2h remaining
[2025-11-26T15:11:02.132589] Flushed 5 samples to telemetry_baseline_24h.log
[2025-11-26T15:16:02.306747] Flushed 5 samples to telemetry_baseline_24h.log
[2025-11-26T15:20:02.429942] Collected 900 samples, 9.0h remaining
[2025-11-26T15:21:02.463047] Flushed 5 samples to telemetry_baseline_24h.log
[2025-11-26T15:26:02.604405] Flushed 5 samples to telemetry_baseline_24h.log
[2025-11-26T15:30:02.730349] Collected 910 samples, 8.8h remaining
[2025-11-26T15:31:02.766304] Flushed 5 samples to telemetry_baseline_24h.log
[2025-11-26T15:36:02.923179] Flushed 5 samples to telemetry_baseline_24h.log
[2025-11-26T15:40:03.041684] Collected 920 samples, 8.7h remaining
[2025-11-26T15:41:03.062845] Flushed 5 samples to telemetry_baseline_24h.log
[2025-11-26T15:46:03.223266] Flushed 5 samples to telemetry_baseline_24h.log
[2025-11-26T15:50:03.348618] Collected 930 samples, 8.5h remaining
[2025-11-26T15:51:03.357637] Flushed 5 samples to telemetry_baseline_24h.log
[2025-11-26T15:56:03.512221] Flushed 5 samples to telemetry_baseline_24h.log
[2025-11-26T16:00:03.642040] Collected 940 samples, 8.3h remaining
[2025-11-26T16:01:03.661388] Flushed 5 samples to telemetry_baseline_24h.log
[2025-11-26T16:06:03.824828] Flushed 5 samples to telemetry_baseline_24h.log
[2025-11-26T16:10:03.950970] Collected 950 samples, 8.2h remaining
[2025-11-26T16:11:03.984583] Flushed 5 samples to telemetry_baseline_24h.log
[2025-11-26T16:16:04.145251] Flushed 5 samples to telemetry_baseline_24h.log
[2025-11-26T16:20:04.240873] Collected 960 samples, 8.0h remaining
[2025-11-26T16:21:04.276337] Flushed 5 samples to telemetry_baseline_24h.log
[2025-11-26T16:26:04.435150] Flushed 5 samples to telemetry_baseline_24h.log
[2025-11-26T16:30:04.572566] Collected 970 samples, 7.8h remaining
[2025-11-26T16:31:04.608318] Flushed 5 samples to telemetry_baseline_24h.log
[2025-11-26T16:36:04.773715] Flushed 5 samples to telemetry_baseline_24h.log
[2025-11-26T16:40:04.921884] Collected 980 samples, 7.7h remaining
[2025-11-26T16:41:04.959408] Flushed 5 samples to telemetry_baseline_24h.log
[2025-11-26T16:46:05.098599] Flushed 5 samples to telemetry_baseline_24h.log
[2025-11-26T16:50:05.196915] Collected 990 samples, 7.5h remaining
[2025-11-26T16:51:05.237095] Flushed 5 samples to telemetry_baseline_24h.log
[2025-11-26T16:56:05.407285] Flushed 5 samples to telemetry_baseline_24h.log
[2025-11-26T17:00:05.518191] Collected 1000 samples, 7.3h remaining
[2025-11-26T17:01:05.546464] Flushed 5 samples to telemetry_baseline_24h.log
[2025-11-26T17:06:05.715361] Flushed 5 samples to telemetry_baseline_24h.log
[2025-11-26T17:10:05.845140] Collected 1010 samples, 7.2h remaining
[2025-11-26T17:11:05.875451] Flushed 5 samples to telemetry_baseline_24h.log
[2025-11-26T17:16:06.047435] Flushed 5 samples to telemetry_baseline_24h.log
[2025-11-26T17:20:06.158629] Collected 1020 samples, 7.0h remaining
[2025-11-26T17:21:06.185848] Flushed 5 samples to telemetry_baseline_24h.log
[2025-11-26T17:26:06.354631] Flushed 5 samples to telemetry_baseline_24h.log
[2025-11-26T17:30:06.484734] Collected 1030 samples, 6.8h remaining
[2025-11-26T17:31:06.510090] Flushed 5 samples to telemetry_baseline_24h.log
[2025-11-26T17:36:06.688254] Flushed 5 samples to telemetry_baseline_24h.log
[2025-11-26T17:40:06.812544] Collected 1040 samples, 6.7h remaining
[2025-11-26T17:41:06.833872] Flushed 5 samples to telemetry_baseline_24h.log
[2025-11-26T17:46:07.007019] Flushed 5 samples to telemetry_baseline_24h.log
[2025-11-26T17:50:07.129826] Collected 1050 samples, 6.5h remaining
[2025-11-26T17:51:07.149709] Flushed 5 samples to telemetry_baseline_24h.log
[2025-11-26T17:56:07.327818] Flushed 5 samples to telemetry_baseline_24h.log
[2025-11-26T18:00:07.438834] Collected 1060 samples, 6.3h remaining
[2025-11-26T18:01:07.469170] Flushed 5 samples to telemetry_baseline_24h.log
[2025-11-26T18:06:07.647631] Flushed 5 samples to telemetry_baseline_24h.log
[2025-11-26T18:10:07.779632] Collected 1070 samples, 6.2h remaining
[2025-11-26T18:11:07.823246] Flushed 5 samples to telemetry_baseline_24h.log
[2025-11-26T18:16:08.010218] Flushed 5 samples to telemetry_baseline_24h.log
[2025-11-26T18:20:08.107474] Collected 1080 samples, 6.0h remaining
[2025-11-26T18:21:08.114582] Flushed 5 samples to telemetry_baseline_24h.log
[2025-11-26T18:26:08.242226] Flushed 5 samples to telemetry_baseline_24h.log
[2025-11-26T18:30:08.386274] Collected 1090 samples, 5.8h remaining
[2025-11-26T18:31:08.416281] Flushed 5 samples to telemetry_baseline_24h.log
[2025-11-26T18:36:08.561124] Flushed 5 samples to telemetry_baseline_24h.log
[2025-11-26T18:40:08.697634] Collected 1100 samples, 5.7h remaining
[2025-11-26T18:41:08.723806] Flushed 5 samples to telemetry_baseline_24h.log
[2025-11-26T18:46:08.908092] Flushed 5 samples to telemetry_baseline_24h.log
[2025-11-26T18:50:09.028222] Collected 1110 samples, 5.5h remaining
[2025-11-26T18:51:09.063910] Flushed 5 samples to telemetry_baseline_24h.log
[2025-11-26T18:56:09.239840] Flushed 5 samples to telemetry_baseline_24h.log
[2025-11-26T19:00:09.386152] Collected 1120 samples, 5.3h remaining
[2025-11-26T19:01:09.426544] Flushed 5 samples to telemetry_baseline_24h.log
[2025-11-26T19:06:09.579939] Flushed 5 samples to telemetry_baseline_24h.log
[2025-11-26T19:10:09.704967] Collected 1130 samples, 5.2h remaining
[2025-11-26T19:11:09.733852] Flushed 5 samples to telemetry_baseline_24h.log
[2025-11-26T19:16:09.899359] Flushed 5 samples to telemetry_baseline_24h.log
[2025-11-26T19:20:10.051946] Collected 1140 samples, 5.0h remaining
[2025-11-26T19:21:10.085310] Flushed 5 samples to telemetry_baseline_24h.log
[2025-11-26T19:26:10.235223] Flushed 5 samples to telemetry_baseline_24h.log
[2025-11-26T19:30:10.384103] Collected 1150 samples, 4.8h remaining
[2025-11-26T19:31:10.412299] Flushed 5 samples to telemetry_baseline_24h.log
[2025-11-26T19:36:10.586968] Flushed 5 samples to telemetry_baseline_24h.log
[2025-11-26T19:40:10.715512] Collected 1160 samples, 4.7h remaining
[2025-11-26T19:41:10.756277] Flushed 5 samples to telemetry_baseline_24h.log
[2025-11-26T19:46:10.911805] Flushed 5 samples to telemetry_baseline_24h.log
[2025-11-26T19:50:11.056094] Collected 1170 samples, 4.5h remaining
[2025-11-26T19:51:11.092846] Flushed 5 samples to telemetry_baseline_24h.log
[2025-11-26T19:56:11.254548] Flushed 5 samples to telemetry_baseline_24h.log
[2025-11-26T20:00:11.385153] Collected 1180 samples, 4.3h remaining
[2025-11-26T20:01:11.407267] Flushed 5 samples to telemetry_baseline_24h.log
[2025-11-26T20:06:11.583326] Flushed 5 samples to telemetry_baseline_24h.log
[2025-11-26T20:10:11.712041] Collected 1190 samples, 4.2h remaining
[2025-11-26T20:11:11.732113] Flushed 5 samples to telemetry_baseline_24h.log
[2025-11-26T20:16:11.904951] Flushed 5 samples to telemetry_baseline_24h.log
[2025-11-26T20:20:12.015691] Collected 1200 samples, 4.0h remaining
[2025-11-26T20:21:12.049338] Flushed 5 samples to telemetry_baseline_24h.log
[2025-11-26T20:26:12.218471] Flushed 5 samples to telemetry_baseline_24h.log
[2025-11-26T20:30:12.367347] Collected 1210 samples, 3.8h remaining
[2025-11-26T20:31:12.398840] Flushed 5 samples to telemetry_baseline_24h.log
[2025-11-26T20:36:12.549828] Flushed 5 samples to telemetry_baseline_24h.log
[2025-11-26T20:40:12.693847] Collected 1220 samples, 3.7h remaining
[2025-11-26T20:41:12.731279] Flushed 5 samples to telemetry_baseline_24h.log
[2025-11-26T20:46:12.889830] Flushed 5 samples to telemetry_baseline_24h.log
[2025-11-26T20:50:12.979172] Collected 1230 samples, 3.5h remaining
[2025-11-26T20:51:12.998449] Flushed 5 samples to telemetry_baseline_24h.log
[2025-11-26T20:56:13.156361] Flushed 5 samples to telemetry_baseline_24h.log
[2025-11-26T21:00:13.269258] Collected 1240 samples, 3.3h remaining
[2025-11-26T21:01:13.298051] Flushed 5 samples to telemetry_baseline_24h.log
[2025-11-26T21:06:13.459534] Flushed 5 samples to telemetry_baseline_24h.log
[2025-11-26T21:10:13.559385] Collected 1250 samples, 3.2h remaining
[2025-11-26T21:11:13.583380] Flushed 5 samples to telemetry_baseline_24h.log
[2025-11-26T21:16:13.738081] Flushed 5 samples to telemetry_baseline_24h.log
[2025-11-26T21:20:13.873320] Collected 1260 samples, 3.0h remaining
[2025-11-26T21:21:13.881816] Flushed 5 samples to telemetry_baseline_24h.log
[2025-11-26T21:26:14.050156] Flushed 5 samples to telemetry_baseline_24h.log
[2025-11-26T21:30:14.192636] Collected 1270 samples, 2.8h remaining
[2025-11-26T21:31:14.232202] Flushed 5 samples to telemetry_baseline_24h.log
[2025-11-26T21:36:14.401118] Flushed 5 samples to telemetry_baseline_24h.log
[2025-11-26T21:40:14.513520] Collected 1280 samples, 2.7h remaining
[2025-11-26T21:41:14.544644] Flushed 5 samples to telemetry_baseline_24h.log
[2025-11-26T21:46:14.717528] Flushed 5 samples to telemetry_baseline_24h.log
[2025-11-26T21:50:14.841251] Collected 1290 samples, 2.5h remaining
[2025-11-26T21:51:14.898656] Flushed 5 samples to telemetry_baseline_24h.log
[2025-11-26T21:56:15.071507] Flushed 5 samples to telemetry_baseline_24h.log
[2025-11-26T22:00:15.165380] Collected 1300 samples, 2.3h remaining
[2025-11-26T22:01:15.191488] Flushed 5 samples to telemetry_baseline_24h.log
[2025-11-26T22:06:15.363795] Flushed 5 samples to telemetry_baseline_24h.log
[2025-11-26T22:10:15.459944] Collected 1310 samples, 2.2h remaining
[2025-11-26T22:11:15.490283] Flushed 5 samples to telemetry_baseline_24h.log
[2025-11-26T22:16:15.625456] Flushed 5 samples to telemetry_baseline_24h.log
[2025-11-26T22:20:15.769308] Collected 1320 samples, 2.0h remaining
[2025-11-26T22:21:15.798660] Flushed 5 samples to telemetry_baseline_24h.log
[2025-11-26T22:26:15.960876] Flushed 5 samples to telemetry_baseline_24h.log
[2025-11-26T22:30:16.085110] Collected 1330 samples, 1.8h remaining
[2025-11-26T22:31:16.119311] Flushed 5 samples to telemetry_baseline_24h.log
[2025-11-26T22:36:16.284312] Flushed 5 samples to telemetry_baseline_24h.log
[2025-11-26T22:40:16.425128] Collected 1340 samples, 1.7h remaining
[2025-11-26T22:41:16.456757] Flushed 5 samples to telemetry_baseline_24h.log
[2025-11-26T22:46:16.616218] Flushed 5 samples to telemetry_baseline_24h.log
[2025-11-26T22:50:16.757385] Collected 1350 samples, 1.5h remaining
[2025-11-26T22:51:16.800183] Flushed 5 samples to telemetry_baseline_24h.log
[2025-11-26T22:56:16.942343] Flushed 5 samples to telemetry_baseline_24h.log
[2025-11-26T23:00:17.072295] Collected 1360 samples, 1.3h remaining
[2025-11-26T23:01:17.090004] Flushed 5 samples to telemetry_baseline_24h.log
[2025-11-26T23:06:17.240403] Flushed 5 samples to telemetry_baseline_24h.log
[2025-11-26T23:10:17.338266] Collected 1370 samples, 1.2h remaining
[2025-11-26T23:11:17.379155] Flushed 5 samples to telemetry_baseline_24h.log
[2025-11-26T23:16:17.510976] Flushed 5 samples to telemetry_baseline_24h.log
[2025-11-26T23:20:17.635232] Collected 1380 samples, 1.0h remaining
[2025-11-26T23:21:17.663746] Flushed 5 samples to telemetry_baseline_24h.log
[2025-11-26T23:26:17.830795] Flushed 5 samples to telemetry_baseline_24h.log
[2025-11-26T23:30:17.936675] Collected 1390 samples, 0.8h remaining
[2025-11-26T23:31:17.967286] Flushed 5 samples to telemetry_baseline_24h.log
[2025-11-26T23:36:18.136243] Flushed 5 samples to telemetry_baseline_24h.log
[2025-11-26T23:40:18.274281] Collected 1400 samples, 0.7h remaining
[2025-11-26T23:41:18.309689] Flushed 5 samples to telemetry_baseline_24h.log
[2025-11-26T23:46:18.428187] Flushed 5 samples to telemetry_baseline_24h.log
[2025-11-26T23:50:18.567592] Collected 1410 samples, 0.5h remaining
[2025-11-26T23:51:18.601020] Flushed 5 samples to telemetry_baseline_24h.log
[2025-11-26T23:56:18.755567] Flushed 5 samples to telemetry_baseline_24h.log
[2025-11-27T00:00:18.882190] Collected 1420 samples, 0.3h remaining
[2025-11-27T00:01:18.923722] Flushed 5 samples to telemetry_baseline_24h.log
[2025-11-27T00:06:19.069357] Flushed 5 samples to telemetry_baseline_24h.log
[2025-11-27T00:10:19.206380] Collected 1430 samples, 0.2h remaining
[2025-11-27T00:11:19.215374] Flushed 5 samples to telemetry_baseline_24h.log
[2025-11-27T00:16:19.368491] Flushed 5 samples to telemetry_baseline_24h.log
[2025-11-27T00:20:19.510688] Collected 1440 samples, 0.0h remaining
[2025-11-27T00:21:19.512046] Flushed 4 samples to telemetry_baseline_24h.log
------------------------------------------------------------
[2025-11-27T00:21:19.512046] Telemetry capture complete
  Total samples: 1440
  Duration: 24.01h
